<?xml version="1.0" encoding="UTF-8"?>
<testng-results skipped="0" failed="0" ignored="0" total="1" passed="1">
  <reporter-output>
  </reporter-output>
  <suite name="Default suite" duration-ms="136540" started-at="2021-03-02T22:45:06 CET" finished-at="2021-03-02T22:47:23 CET">
    <groups>
    </groups>
    <test name="Default test" duration-ms="136540" started-at="2021-03-02T22:45:06 CET" finished-at="2021-03-02T22:47:23 CET">
      <class name="testcase.SearchFunctionality">
        <test-method status="PASS" signature="searchTest()[pri:0, instance:testcase.SearchFunctionality@3701eaf6]" name="searchTest" duration-ms="136493" started-at="2021-03-02T22:45:06 CET" finished-at="2021-03-02T22:47:23 CET">
          <reporter-output>
          </reporter-output>
        </test-method> <!-- searchTest -->
      </class> <!-- testcase.SearchFunctionality -->
    </test> <!-- Default test -->
  </suite> <!-- Default suite -->
</testng-results>
